[0.515s] DEBUG:colcon:Command line arguments: ['/usr/bin/colcon', 'build']
[0.515s] DEBUG:colcon:Parsed command line arguments: Namespace(allow_overriding=[], ament_cmake_args=None, base_paths=['.'], build_base='build', catkin_cmake_args=None, catkin_skip_building_tests=False, cmake_args=None, cmake_clean_cache=False, cmake_clean_first=False, cmake_force_configure=False, cmake_target=None, cmake_target_skip_unavailable=False, continue_on_error=False, event_handlers=None, executor='parallel', ignore_user_meta=False, install_base='install', log_base=None, log_level=None, main=<bound method BuildVerb.main of <colcon_core.verb.build.BuildVerb object at 0x7f8fc89fd850>>, merge_install=False, metas=['./colcon.meta'], packages_above=None, packages_above_and_dependencies=None, packages_above_depth=None, packages_end=None, packages_ignore=None, packages_ignore_regex=None, packages_select=None, packages_select_build_failed=False, packages_select_by_dep=None, packages_select_regex=None, packages_select_test_failures=False, packages_skip=None, packages_skip_build_finished=False, packages_skip_by_dep=None, packages_skip_regex=None, packages_skip_test_passed=False, packages_skip_up_to=None, packages_start=None, packages_up_to=None, packages_up_to_regex=None, parallel_workers=8, paths=None, symlink_install=False, test_result_base=None, verb_extension=<colcon_core.verb.build.BuildVerb object at 0x7f8fc89fd850>, verb_name='build', verb_parser=<colcon_defaults.argument_parser.defaults.DefaultArgumentsDecorator object at 0x7f8fc89fddc0>)
[0.573s] Level 1:colcon.colcon_core.package_discovery:discover_packages(colcon_meta) check parameters
[0.574s] Level 1:colcon.colcon_core.package_discovery:discover_packages(recursive) check parameters
[0.574s] Level 1:colcon.colcon_core.package_discovery:discover_packages(ignore) check parameters
[0.574s] Level 1:colcon.colcon_core.package_discovery:discover_packages(path) check parameters
[0.574s] Level 1:colcon.colcon_core.package_discovery:discover_packages(colcon_meta) discover
[0.574s] Level 1:colcon.colcon_core.package_discovery:discover_packages(recursive) discover
[0.574s] INFO:colcon.colcon_core.package_discovery:Crawling recursively for packages in '/home/taniguchi/happy_ws/src/hello'
[0.574s] Level 1:colcon.colcon_core.package_identification:_identify(.) by extensions ['ignore', 'ignore_ament_install']
[0.574s] Level 1:colcon.colcon_core.package_identification:_identify(.) by extension 'ignore'
[0.574s] Level 1:colcon.colcon_core.package_identification:_identify(.) by extension 'ignore_ament_install'
[0.574s] Level 1:colcon.colcon_core.package_identification:_identify(.) by extensions ['colcon_pkg']
[0.574s] Level 1:colcon.colcon_core.package_identification:_identify(.) by extension 'colcon_pkg'
[0.574s] Level 1:colcon.colcon_core.package_identification:_identify(.) by extensions ['colcon_meta']
[0.574s] Level 1:colcon.colcon_core.package_identification:_identify(.) by extension 'colcon_meta'
[0.574s] Level 1:colcon.colcon_core.package_identification:_identify(.) by extensions ['ros']
[0.574s] Level 1:colcon.colcon_core.package_identification:_identify(.) by extension 'ros'
[0.592s] DEBUG:colcon.colcon_core.package_identification:Package '.' with type 'ros.ament_python' and name 'hello'
[0.592s] Level 1:colcon.colcon_core.package_discovery:discover_packages(recursive) using defaults
[0.593s] Level 1:colcon.colcon_core.package_discovery:discover_packages(ignore) discover
[0.593s] Level 1:colcon.colcon_core.package_discovery:discover_packages(ignore) using defaults
[0.593s] Level 1:colcon.colcon_core.package_discovery:discover_packages(path) discover
[0.593s] Level 1:colcon.colcon_core.package_discovery:discover_packages(path) using defaults
[0.631s] Level 1:colcon.colcon_core.package_discovery:discover_packages(prefix_path) check parameters
[0.631s] Level 1:colcon.colcon_core.package_discovery:discover_packages(prefix_path) discover
[0.637s] DEBUG:colcon.colcon_installed_package_information.package_discovery:Found 0 installed packages in /home/taniguchi/happy_ws/install
[0.638s] DEBUG:colcon.colcon_installed_package_information.package_discovery:Found 0 installed packages in /home/taniguchi/foxy_ws/install
[0.639s] DEBUG:colcon.colcon_installed_package_information.package_discovery:Found 286 installed packages in /opt/ros/foxy
[0.640s] Level 1:colcon.colcon_core.package_discovery:discover_packages(prefix_path) using defaults
[0.712s] Level 5:colcon.colcon_core.verb:set package 'hello' build argument 'cmake_args' from command line to 'None'
[0.712s] Level 5:colcon.colcon_core.verb:set package 'hello' build argument 'cmake_target' from command line to 'None'
[0.712s] Level 5:colcon.colcon_core.verb:set package 'hello' build argument 'cmake_target_skip_unavailable' from command line to 'False'
[0.713s] Level 5:colcon.colcon_core.verb:set package 'hello' build argument 'cmake_clean_cache' from command line to 'False'
[0.713s] Level 5:colcon.colcon_core.verb:set package 'hello' build argument 'cmake_clean_first' from command line to 'False'
[0.713s] Level 5:colcon.colcon_core.verb:set package 'hello' build argument 'cmake_force_configure' from command line to 'False'
[0.713s] Level 5:colcon.colcon_core.verb:set package 'hello' build argument 'ament_cmake_args' from command line to 'None'
[0.713s] Level 5:colcon.colcon_core.verb:set package 'hello' build argument 'catkin_cmake_args' from command line to 'None'
[0.713s] Level 5:colcon.colcon_core.verb:set package 'hello' build argument 'catkin_skip_building_tests' from command line to 'False'
[0.713s] DEBUG:colcon.colcon_core.verb:Building package 'hello' with the following arguments: {'ament_cmake_args': None, 'build_base': '/home/taniguchi/happy_ws/src/hello/build/hello', 'catkin_cmake_args': None, 'catkin_skip_building_tests': False, 'cmake_args': None, 'cmake_clean_cache': False, 'cmake_clean_first': False, 'cmake_force_configure': False, 'cmake_target': None, 'cmake_target_skip_unavailable': False, 'install_base': '/home/taniguchi/happy_ws/src/hello/install/hello', 'merge_install': False, 'path': '/home/taniguchi/happy_ws/src/hello', 'symlink_install': False, 'test_result_base': None}
[0.713s] INFO:colcon.colcon_core.executor:Executing jobs using 'parallel' executor
[0.715s] DEBUG:colcon.colcon_parallel_executor.executor.parallel:run_until_complete
[0.715s] INFO:colcon.colcon_ros.task.ament_python.build:Building ROS package in '/home/taniguchi/happy_ws/src/hello' with build type 'ament_python'
[0.716s] Level 1:colcon.colcon_core.shell:create_environment_hook('hello', 'ament_prefix_path')
[0.726s] INFO:colcon.colcon_core.plugin_system:Skipping extension 'colcon_core.shell.bat': Not used on non-Windows systems
[0.726s] INFO:colcon.colcon_core.shell:Creating environment hook '/home/taniguchi/happy_ws/src/hello/install/hello/share/hello/hook/ament_prefix_path.ps1'
[0.728s] INFO:colcon.colcon_core.shell:Creating environment descriptor '/home/taniguchi/happy_ws/src/hello/install/hello/share/hello/hook/ament_prefix_path.dsv'
[0.728s] INFO:colcon.colcon_core.shell:Creating environment hook '/home/taniguchi/happy_ws/src/hello/install/hello/share/hello/hook/ament_prefix_path.sh'
[0.730s] INFO:colcon.colcon_core.shell:Skip shell extension 'powershell' for command environment: Not usable outside of PowerShell
[0.730s] DEBUG:colcon.colcon_core.shell:Skip shell extension 'dsv' for command environment
[0.868s] INFO:colcon.colcon_core.task.python.build:Building Python package in '/home/taniguchi/happy_ws/src/hello'
[0.869s] INFO:colcon.colcon_core.shell:Skip shell extension 'powershell' for command environment: Not usable outside of PowerShell
[0.869s] DEBUG:colcon.colcon_core.shell:Skip shell extension 'dsv' for command environment
[1.277s] DEBUG:colcon.colcon_core.event_handler.log_command:Invoking command in '/home/taniguchi/happy_ws/src/hello': PYTHONPATH=/home/taniguchi/happy_ws/src/hello/build/hello/prefix_override:/home/taniguchi/happy_ws/src/hello/install/hello/lib/python3.8/site-packages:${PYTHONPATH} /usr/bin/python3 setup.py egg_info --egg-base build/hello build --build-base /home/taniguchi/happy_ws/src/hello/build/hello/build install --record /home/taniguchi/happy_ws/src/hello/build/hello/install.log --install-scripts $base/lib/hello --single-version-externally-managed
[1.502s] DEBUG:colcon.colcon_core.event_handler.log_command:Invoked command in '/home/taniguchi/happy_ws/src/hello' returned '0': PYTHONPATH=/home/taniguchi/happy_ws/src/hello/build/hello/prefix_override:/home/taniguchi/happy_ws/src/hello/install/hello/lib/python3.8/site-packages:${PYTHONPATH} /usr/bin/python3 setup.py egg_info --egg-base build/hello build --build-base /home/taniguchi/happy_ws/src/hello/build/hello/build install --record /home/taniguchi/happy_ws/src/hello/build/hello/install.log --install-scripts $base/lib/hello --single-version-externally-managed
[1.516s] Level 1:colcon.colcon_core.environment:checking '/home/taniguchi/happy_ws/src/hello/install/hello' for CMake module files
[1.517s] Level 1:colcon.colcon_core.environment:checking '/home/taniguchi/happy_ws/src/hello/install/hello' for CMake config files
[1.517s] Level 1:colcon.colcon_core.environment:checking '/home/taniguchi/happy_ws/src/hello/install/hello/lib'
[1.517s] Level 1:colcon.colcon_core.environment:checking '/home/taniguchi/happy_ws/src/hello/install/hello/bin'
[1.517s] Level 1:colcon.colcon_core.environment:checking '/home/taniguchi/happy_ws/src/hello/install/hello/lib/pkgconfig/hello.pc'
[1.518s] Level 1:colcon.colcon_core.environment:checking '/home/taniguchi/happy_ws/src/hello/install/hello/lib/python3.8/site-packages'
[1.518s] Level 1:colcon.colcon_core.shell:create_environment_hook('hello', 'pythonpath')
[1.518s] INFO:colcon.colcon_core.shell:Creating environment hook '/home/taniguchi/happy_ws/src/hello/install/hello/share/hello/hook/pythonpath.ps1'
[1.519s] INFO:colcon.colcon_core.shell:Creating environment descriptor '/home/taniguchi/happy_ws/src/hello/install/hello/share/hello/hook/pythonpath.dsv'
[1.519s] INFO:colcon.colcon_core.shell:Creating environment hook '/home/taniguchi/happy_ws/src/hello/install/hello/share/hello/hook/pythonpath.sh'
[1.520s] Level 1:colcon.colcon_core.environment:checking '/home/taniguchi/happy_ws/src/hello/install/hello/bin'
[1.520s] Level 1:colcon.colcon_core.environment:create_environment_scripts_only(hello)
[1.521s] INFO:colcon.colcon_core.shell:Creating package script '/home/taniguchi/happy_ws/src/hello/install/hello/share/hello/package.ps1'
[1.522s] INFO:colcon.colcon_core.shell:Creating package descriptor '/home/taniguchi/happy_ws/src/hello/install/hello/share/hello/package.dsv'
[1.523s] INFO:colcon.colcon_core.shell:Creating package script '/home/taniguchi/happy_ws/src/hello/install/hello/share/hello/package.sh'
[1.524s] INFO:colcon.colcon_core.shell:Creating package script '/home/taniguchi/happy_ws/src/hello/install/hello/share/hello/package.bash'
[1.525s] INFO:colcon.colcon_core.shell:Creating package script '/home/taniguchi/happy_ws/src/hello/install/hello/share/hello/package.zsh'
[1.527s] Level 1:colcon.colcon_core.environment:create_file_with_runtime_dependencies(/home/taniguchi/happy_ws/src/hello/install/hello/share/colcon-core/packages/hello)
[1.527s] DEBUG:colcon.colcon_parallel_executor.executor.parallel:closing loop
[1.527s] DEBUG:colcon.colcon_parallel_executor.executor.parallel:loop closed
[1.527s] DEBUG:colcon.colcon_parallel_executor.executor.parallel:run_until_complete finished with '0'
[1.527s] DEBUG:colcon.colcon_core.event_reactor:joining thread
[1.654s] INFO:colcon.colcon_core.plugin_system:Skipping extension 'colcon_notification.desktop_notification.notify_send': Could not find 'notify-send'
[1.654s] INFO:colcon.colcon_core.plugin_system:Skipping extension 'colcon_notification.desktop_notification.terminal_notifier': Not used on non-Darwin systems
[1.654s] INFO:colcon.colcon_core.plugin_system:Skipping extension 'colcon_notification.desktop_notification.win32': Not used on non-Windows systems
[1.654s] INFO:colcon.colcon_notification.desktop_notification:Sending desktop notification using 'notify2'
[1.698s] DEBUG:colcon.colcon_notification.desktop_notification.notify2:Failed to initialize notify2: org.freedesktop.DBus.Error.ServiceUnknown: The name org.freedesktop.Notifications was not provided by any .service files
[1.699s] DEBUG:colcon.colcon_core.event_reactor:joined thread
[1.700s] INFO:colcon.colcon_core.shell:Creating prefix script '/home/taniguchi/happy_ws/src/hello/install/local_setup.ps1'
[1.702s] INFO:colcon.colcon_core.shell:Creating prefix util module '/home/taniguchi/happy_ws/src/hello/install/_local_setup_util_ps1.py'
[1.703s] INFO:colcon.colcon_core.shell:Creating prefix chain script '/home/taniguchi/happy_ws/src/hello/install/setup.ps1'
[1.705s] INFO:colcon.colcon_core.shell:Creating prefix script '/home/taniguchi/happy_ws/src/hello/install/local_setup.sh'
[1.706s] INFO:colcon.colcon_core.shell:Creating prefix util module '/home/taniguchi/happy_ws/src/hello/install/_local_setup_util_sh.py'
[1.706s] INFO:colcon.colcon_core.shell:Creating prefix chain script '/home/taniguchi/happy_ws/src/hello/install/setup.sh'
[1.707s] INFO:colcon.colcon_core.shell:Creating prefix script '/home/taniguchi/happy_ws/src/hello/install/local_setup.bash'
[1.708s] INFO:colcon.colcon_core.shell:Creating prefix chain script '/home/taniguchi/happy_ws/src/hello/install/setup.bash'
[1.709s] INFO:colcon.colcon_core.shell:Creating prefix script '/home/taniguchi/happy_ws/src/hello/install/local_setup.zsh'
[1.710s] INFO:colcon.colcon_core.shell:Creating prefix chain script '/home/taniguchi/happy_ws/src/hello/install/setup.zsh'
