running egg_info
creating build/hello/hello.egg-info
writing build/hello/hello.egg-info/PKG-INFO
writing dependency_links to build/hello/hello.egg-info/dependency_links.txt
writing entry points to build/hello/hello.egg-info/entry_points.txt
writing requirements to build/hello/hello.egg-info/requires.txt
writing top-level names to build/hello/hello.egg-info/top_level.txt
writing manifest file 'build/hello/hello.egg-info/SOURCES.txt'
reading manifest file 'build/hello/hello.egg-info/SOURCES.txt'
writing manifest file 'build/hello/hello.egg-info/SOURCES.txt'
running build
running build_py
creating /home/taniguchi/happy_ws/src/hello/build/hello/build
creating /home/taniguchi/happy_ws/src/hello/build/hello/build/lib
creating /home/taniguchi/happy_ws/src/hello/build/hello/build/lib/hello
copying hello/__init__.py -> /home/taniguchi/happy_ws/src/hello/build/hello/build/lib/hello
copying hello/hello_node.py -> /home/taniguchi/happy_ws/src/hello/build/hello/build/lib/hello
running install
running install_lib
creating /home/taniguchi/happy_ws/src/hello/install/hello/lib/python3.8/site-packages/hello
copying /home/taniguchi/happy_ws/src/hello/build/hello/build/lib/hello/__init__.py -> /home/taniguchi/happy_ws/src/hello/install/hello/lib/python3.8/site-packages/hello
copying /home/taniguchi/happy_ws/src/hello/build/hello/build/lib/hello/hello_node.py -> /home/taniguchi/happy_ws/src/hello/install/hello/lib/python3.8/site-packages/hello
byte-compiling /home/taniguchi/happy_ws/src/hello/install/hello/lib/python3.8/site-packages/hello/__init__.py to __init__.cpython-38.pyc
byte-compiling /home/taniguchi/happy_ws/src/hello/install/hello/lib/python3.8/site-packages/hello/hello_node.py to hello_node.cpython-38.pyc
running install_data
creating /home/taniguchi/happy_ws/src/hello/install/hello/share/ament_index
creating /home/taniguchi/happy_ws/src/hello/install/hello/share/ament_index/resource_index
creating /home/taniguchi/happy_ws/src/hello/install/hello/share/ament_index/resource_index/packages
copying resource/hello -> /home/taniguchi/happy_ws/src/hello/install/hello/share/ament_index/resource_index/packages
copying package.xml -> /home/taniguchi/happy_ws/src/hello/install/hello/share/hello
running install_egg_info
Copying build/hello/hello.egg-info to /home/taniguchi/happy_ws/src/hello/install/hello/lib/python3.8/site-packages/hello-0.0.0-py3.8.egg-info
running install_scripts
Installing hello_node script to /home/taniguchi/happy_ws/src/hello/install/hello/lib/hello
writing list of installed files to '/home/taniguchi/happy_ws/src/hello/build/hello/install.log'
