[0.561s] Invoking command in '/home/taniguchi/happy_ws/src/hello': PYTHONPATH=/home/taniguchi/happy_ws/src/hello/build/hello/prefix_override:/home/taniguchi/happy_ws/src/hello/install/hello/lib/python3.8/site-packages:${PYTHONPATH} /usr/bin/python3 setup.py egg_info --egg-base build/hello build --build-base /home/taniguchi/happy_ws/src/hello/build/hello/build install --record /home/taniguchi/happy_ws/src/hello/build/hello/install.log --install-scripts $base/lib/hello --single-version-externally-managed
[0.712s] running egg_info
[0.712s] creating build/hello/hello.egg-info
[0.712s] writing build/hello/hello.egg-info/PKG-INFO
[0.713s] writing dependency_links to build/hello/hello.egg-info/dependency_links.txt
[0.713s] writing entry points to build/hello/hello.egg-info/entry_points.txt
[0.713s] writing requirements to build/hello/hello.egg-info/requires.txt
[0.713s] writing top-level names to build/hello/hello.egg-info/top_level.txt
[0.730s] writing manifest file 'build/hello/hello.egg-info/SOURCES.txt'
[0.752s] reading manifest file 'build/hello/hello.egg-info/SOURCES.txt'
[0.753s] writing manifest file 'build/hello/hello.egg-info/SOURCES.txt'
[0.753s] running build
[0.753s] running build_py
[0.753s] creating /home/taniguchi/happy_ws/src/hello/build/hello/build
[0.754s] creating /home/taniguchi/happy_ws/src/hello/build/hello/build/lib
[0.754s] creating /home/taniguchi/happy_ws/src/hello/build/hello/build/lib/hello
[0.754s] copying hello/__init__.py -> /home/taniguchi/happy_ws/src/hello/build/hello/build/lib/hello
[0.754s] copying hello/hello_node.py -> /home/taniguchi/happy_ws/src/hello/build/hello/build/lib/hello
[0.754s] running install
[0.754s] running install_lib
[0.755s] creating /home/taniguchi/happy_ws/src/hello/install/hello/lib/python3.8/site-packages/hello
[0.755s] copying /home/taniguchi/happy_ws/src/hello/build/hello/build/lib/hello/__init__.py -> /home/taniguchi/happy_ws/src/hello/install/hello/lib/python3.8/site-packages/hello
[0.755s] copying /home/taniguchi/happy_ws/src/hello/build/hello/build/lib/hello/hello_node.py -> /home/taniguchi/happy_ws/src/hello/install/hello/lib/python3.8/site-packages/hello
[0.755s] byte-compiling /home/taniguchi/happy_ws/src/hello/install/hello/lib/python3.8/site-packages/hello/__init__.py to __init__.cpython-38.pyc
[0.756s] byte-compiling /home/taniguchi/happy_ws/src/hello/install/hello/lib/python3.8/site-packages/hello/hello_node.py to hello_node.cpython-38.pyc
[0.757s] running install_data
[0.757s] creating /home/taniguchi/happy_ws/src/hello/install/hello/share/ament_index
[0.757s] creating /home/taniguchi/happy_ws/src/hello/install/hello/share/ament_index/resource_index
[0.757s] creating /home/taniguchi/happy_ws/src/hello/install/hello/share/ament_index/resource_index/packages
[0.757s] copying resource/hello -> /home/taniguchi/happy_ws/src/hello/install/hello/share/ament_index/resource_index/packages
[0.757s] copying package.xml -> /home/taniguchi/happy_ws/src/hello/install/hello/share/hello
[0.757s] running install_egg_info
[0.758s] Copying build/hello/hello.egg-info to /home/taniguchi/happy_ws/src/hello/install/hello/lib/python3.8/site-packages/hello-0.0.0-py3.8.egg-info
[0.759s] running install_scripts
[0.770s] Installing hello_node script to /home/taniguchi/happy_ws/src/hello/install/hello/lib/hello
[0.770s] writing list of installed files to '/home/taniguchi/happy_ws/src/hello/build/hello/install.log'
[0.785s] Invoked command in '/home/taniguchi/happy_ws/src/hello' returned '0': PYTHONPATH=/home/taniguchi/happy_ws/src/hello/build/hello/prefix_override:/home/taniguchi/happy_ws/src/hello/install/hello/lib/python3.8/site-packages:${PYTHONPATH} /usr/bin/python3 setup.py egg_info --egg-base build/hello build --build-base /home/taniguchi/happy_ws/src/hello/build/hello/build install --record /home/taniguchi/happy_ws/src/hello/build/hello/install.log --install-scripts $base/lib/hello --single-version-externally-managed
